<?xml version="1.0" encoding="UTF-8"?>
<coverage generated="1691301431826" clover="3.2.0">
  <project timestamp="1691301431826" name="All files">
    <metrics statements="51" coveredstatements="42" conditionals="40" coveredconditionals="26" methods="13" coveredmethods="12" elements="104" coveredelements="80" complexity="0" loc="51" ncloc="51" packages="2" files="2" classes="2"/>
    <package name="src">
      <metrics statements="27" coveredstatements="19" conditionals="22" coveredconditionals="11" methods="4" coveredmethods="4"/>
      <file name="client.ts" path="C:\Users\emili\Desktop\graphql-client\src\client.ts">
        <metrics statements="27" coveredstatements="19" conditionals="22" coveredconditionals="11" methods="4" coveredmethods="4"/>
        <line num="28" count="4" type="stmt"/>
        <line num="29" count="4" type="cond" truecount="1" falsecount="1"/>
        <line num="31" count="4" type="cond" truecount="1" falsecount="1"/>
        <line num="32" count="0" type="stmt"/>
        <line num="34" count="0" type="cond" truecount="0" falsecount="2"/>
        <line num="35" count="0" type="stmt"/>
        <line num="39" count="4" type="stmt"/>
        <line num="40" count="4" type="stmt"/>
        <line num="42" count="4" type="cond" truecount="2" falsecount="0"/>
        <line num="43" count="1" type="stmt"/>
        <line num="46" count="3" type="stmt"/>
        <line num="48" count="3" type="cond" truecount="2" falsecount="0"/>
        <line num="49" count="1" type="stmt"/>
        <line num="52" count="2" type="cond" truecount="2" falsecount="0"/>
        <line num="53" count="1" type="stmt"/>
        <line num="56" count="1" type="cond" truecount="1" falsecount="1"/>
        <line num="57" count="0" type="stmt"/>
        <line num="60" count="1" type="stmt"/>
        <line num="62" count="3" type="stmt"/>
        <line num="63" count="3" type="stmt"/>
        <line num="78" count="4" type="stmt"/>
        <line num="80" count="4" type="stmt"/>
        <line num="98" count="4" type="cond" truecount="1" falsecount="1"/>
        <line num="100" count="0" type="stmt"/>
        <line num="101" count="0" type="stmt"/>
        <line num="103" count="0" type="cond" truecount="0" falsecount="4"/>
        <line num="104" count="0" type="stmt"/>
      </file>
    </package>
    <package name="src.cache">
      <metrics statements="24" coveredstatements="23" conditionals="18" coveredconditionals="15" methods="9" coveredmethods="8"/>
      <file name="memory-cache.ts" path="C:\Users\emili\Desktop\graphql-client\src\cache\memory-cache.ts">
        <metrics statements="24" coveredstatements="23" conditionals="18" coveredconditionals="15" methods="9" coveredmethods="8"/>
        <line num="18" count="0" type="stmt"/>
        <line num="26" count="1" type="stmt"/>
        <line num="28" count="1" type="stmt"/>
        <line num="43" count="10" type="stmt"/>
        <line num="45" count="10" type="cond" truecount="4" falsecount="0"/>
        <line num="46" count="4" type="stmt"/>
        <line num="47" count="4" type="stmt"/>
        <line num="58" count="12" type="stmt"/>
        <line num="59" count="12" type="stmt"/>
        <line num="68" count="1" type="stmt"/>
        <line num="75" count="6" type="stmt"/>
        <line num="85" count="5" type="stmt"/>
        <line num="93" count="12" type="cond" truecount="2" falsecount="0"/>
        <line num="95" count="2" type="stmt"/>
        <line num="96" count="2" type="stmt"/>
        <line num="98" count="2" type="stmt"/>
        <line num="99" count="8" type="cond" truecount="2" falsecount="0"/>
        <line num="100" count="2" type="stmt"/>
        <line num="101" count="2" type="stmt"/>
        <line num="105" count="2" type="cond" truecount="1" falsecount="1"/>
        <line num="106" count="2" type="stmt"/>
        <line num="118" count="4" type="cond" truecount="4" falsecount="0"/>
        <line num="120" count="2" type="stmt"/>
        <line num="121" count="2" type="stmt"/>
      </file>
    </package>
  </project>
</coverage>
