{"C:\\Users\\emili\\Desktop\\graphql-client\\src\\client.ts": {"path":"C:\\Users\\emili\\Desktop\\graphql-client\\src\\client.ts","statementMap":{"0":{"start":{"line":28,"column":16},"end":{"line":28,"column":40}},"1":{"start":{"line":29,"column":19},"end":{"line":29,"column":73}},"2":{"start":{"line":31,"column":2},"end":{"line":37,"column":3}},"3":{"start":{"line":32,"column":22},"end":{"line":32,"column":50}},"4":{"start":{"line":34,"column":3},"end":{"line":36,"column":4}},"5":{"start":{"line":35,"column":4},"end":{"line":35,"column":27}},"6":{"start":{"line":39,"column":2},"end":{"line":64,"column":3}},"7":{"start":{"line":40,"column":20},"end":{"line":40,"column":54}},"8":{"start":{"line":42,"column":3},"end":{"line":44,"column":4}},"9":{"start":{"line":43,"column":4},"end":{"line":43,"column":103}},"10":{"start":{"line":46,"column":28},"end":{"line":46,"column":49}},"11":{"start":{"line":48,"column":3},"end":{"line":50,"column":4}},"12":{"start":{"line":49,"column":4},"end":{"line":49,"column":65}},"13":{"start":{"line":52,"column":3},"end":{"line":54,"column":4}},"14":{"start":{"line":53,"column":4},"end":{"line":53,"column":62}},"15":{"start":{"line":56,"column":3},"end":{"line":58,"column":4}},"16":{"start":{"line":57,"column":4},"end":{"line":57,"column":30}},"17":{"start":{"line":60,"column":3},"end":{"line":60,"column":15}},"18":{"start":{"line":62,"column":3},"end":{"line":62,"column":50}},"19":{"start":{"line":63,"column":3},"end":{"line":63,"column":15}},"20":{"start":{"line":78,"column":2},"end":{"line":78,"column":18}},"21":{"start":{"line":80,"column":2},"end":{"line":89,"column":5}},"22":{"start":{"line":98,"column":2},"end":{"line":98,"column":40}},"23":{"start":{"line":98,"column":33},"end":{"line":98,"column":40}},"24":{"start":{"line":100,"column":16},"end":{"line":100,"column":30}},"25":{"start":{"line":101,"column":18},"end":{"line":101,"column":36}},"26":{"start":{"line":103,"column":2},"end":{"line":105,"column":3}},"27":{"start":{"line":104,"column":3},"end":{"line":104,"column":39}}},"fnMap":{"0":{"name":"(anonymous_0)","decl":{"start":{"line":8,"column":1},"end":{"line":8,"column":2}},"loc":{"start":{"line":8,"column":66},"end":{"line":8,"column":68}},"line":8},"1":{"name":"(anonymous_1)","decl":{"start":{"line":19,"column":1},"end":{"line":19,"column":2}},"loc":{"start":{"line":27,"column":22},"end":{"line":65,"column":2}},"line":27},"2":{"name":"(anonymous_2)","decl":{"start":{"line":74,"column":1},"end":{"line":74,"column":2}},"loc":{"start":{"line":77,"column":22},"end":{"line":90,"column":2}},"line":77},"3":{"name":"(anonymous_3)","decl":{"start":{"line":97,"column":1},"end":{"line":97,"column":2}},"loc":{"start":{"line":97,"column":34},"end":{"line":106,"column":2}},"line":97}},"branchMap":{"0":{"loc":{"start":{"line":29,"column":19},"end":{"line":29,"column":73}},"type":"cond-expr","locations":[{"start":{"line":29,"column":27},"end":{"line":29,"column":68}},{"start":{"line":29,"column":71},"end":{"line":29,"column":73}}],"line":29},"1":{"loc":{"start":{"line":31,"column":2},"end":{"line":37,"column":3}},"type":"if","locations":[{"start":{"line":31,"column":2},"end":{"line":37,"column":3}},{"start":{},"end":{}}],"line":31},"2":{"loc":{"start":{"line":34,"column":3},"end":{"line":36,"column":4}},"type":"if","locations":[{"start":{"line":34,"column":3},"end":{"line":36,"column":4}},{"start":{},"end":{}}],"line":34},"3":{"loc":{"start":{"line":42,"column":3},"end":{"line":44,"column":4}},"type":"if","locations":[{"start":{"line":42,"column":3},"end":{"line":44,"column":4}},{"start":{},"end":{}}],"line":42},"4":{"loc":{"start":{"line":48,"column":3},"end":{"line":50,"column":4}},"type":"if","locations":[{"start":{"line":48,"column":3},"end":{"line":50,"column":4}},{"start":{},"end":{}}],"line":48},"5":{"loc":{"start":{"line":52,"column":3},"end":{"line":54,"column":4}},"type":"if","locations":[{"start":{"line":52,"column":3},"end":{"line":54,"column":4}},{"start":{},"end":{}}],"line":52},"6":{"loc":{"start":{"line":56,"column":3},"end":{"line":58,"column":4}},"type":"if","locations":[{"start":{"line":56,"column":3},"end":{"line":58,"column":4}},{"start":{},"end":{}}],"line":56},"7":{"loc":{"start":{"line":85,"column":19},"end":{"line":85,"column":95}},"type":"cond-expr","locations":[{"start":{"line":85,"column":50},"end":{"line":85,"column":90}},{"start":{"line":85,"column":93},"end":{"line":85,"column":95}}],"line":85},"8":{"loc":{"start":{"line":98,"column":2},"end":{"line":98,"column":40}},"type":"if","locations":[{"start":{"line":98,"column":2},"end":{"line":98,"column":40}},{"start":{},"end":{}}],"line":98},"9":{"loc":{"start":{"line":103,"column":2},"end":{"line":105,"column":3}},"type":"if","locations":[{"start":{"line":103,"column":2},"end":{"line":105,"column":3}},{"start":{},"end":{}}],"line":103},"10":{"loc":{"start":{"line":103,"column":6},"end":{"line":103,"column":35}},"type":"binary-expr","locations":[{"start":{"line":103,"column":6},"end":{"line":103,"column":13}},{"start":{"line":103,"column":17},"end":{"line":103,"column":35}}],"line":103}},"s":{"0":4,"1":4,"2":4,"3":0,"4":0,"5":0,"6":4,"7":4,"8":4,"9":1,"10":3,"11":3,"12":1,"13":2,"14":1,"15":1,"16":0,"17":1,"18":3,"19":3,"20":4,"21":4,"22":4,"23":4,"24":0,"25":0,"26":0,"27":0},"f":{"0":4,"1":4,"2":4,"3":4},"b":{"0":[0,4],"1":[0,4],"2":[0,0],"3":[1,3],"4":[1,2],"5":[1,1],"6":[0,1],"7":[4,0],"8":[4,0],"9":[0,0],"10":[0,0]},"_coverageSchema":"1a1c01bbd47fc00a2c39e90264f33305004495a9","hash":"7d81f6ce3f5cdc3be364dfbceead31328b254dff"}
,"C:\\Users\\emili\\Desktop\\graphql-client\\src\\cache\\memory-cache.ts": {"path":"C:\\Users\\emili\\Desktop\\graphql-client\\src\\cache\\memory-cache.ts","statementMap":{"0":{"start":{"line":18,"column":2},"end":{"line":18,"column":21}},"1":{"start":{"line":26,"column":2},"end":{"line":26,"column":26}},"2":{"start":{"line":28,"column":2},"end":{"line":32,"column":4}},"3":{"start":{"line":43,"column":18},"end":{"line":43,"column":57}},"4":{"start":{"line":45,"column":2},"end":{"line":48,"column":3}},"5":{"start":{"line":46,"column":3},"end":{"line":46,"column":35}},"6":{"start":{"line":47,"column":3},"end":{"line":47,"column":18}},"7":{"start":{"line":58,"column":2},"end":{"line":58,"column":61}},"8":{"start":{"line":59,"column":2},"end":{"line":59,"column":32}},"9":{"start":{"line":68,"column":2},"end":{"line":68,"column":26}},"10":{"start":{"line":75,"column":2},"end":{"line":75,"column":22}},"11":{"start":{"line":85,"column":2},"end":{"line":85,"column":66}},"12":{"start":{"line":93,"column":2},"end":{"line":93,"column":62}},"13":{"start":{"line":93,"column":55},"end":{"line":93,"column":62}},"14":{"start":{"line":95,"column":30},"end":{"line":95,"column":34}},"15":{"start":{"line":96,"column":21},"end":{"line":96,"column":37}},"16":{"start":{"line":98,"column":2},"end":{"line":103,"column":3}},"17":{"start":{"line":99,"column":3},"end":{"line":102,"column":4}},"18":{"start":{"line":100,"column":4},"end":{"line":100,"column":17}},"19":{"start":{"line":101,"column":4},"end":{"line":101,"column":34}},"20":{"start":{"line":105,"column":2},"end":{"line":107,"column":3}},"21":{"start":{"line":106,"column":3},"end":{"line":106,"column":30}},"22":{"start":{"line":118,"column":2},"end":{"line":118,"column":118}},"23":{"start":{"line":118,"column":111},"end":{"line":118,"column":118}},"24":{"start":{"line":120,"column":2},"end":{"line":120,"column":34}},"25":{"start":{"line":121,"column":2},"end":{"line":121,"column":40}}},"fnMap":{"0":{"name":"(anonymous_0)","decl":{"start":{"line":17,"column":1},"end":{"line":17,"column":2}},"loc":{"start":{"line":17,"column":13},"end":{"line":19,"column":2}},"line":17},"1":{"name":"(anonymous_1)","decl":{"start":{"line":25,"column":1},"end":{"line":25,"column":2}},"loc":{"start":{"line":25,"column":64},"end":{"line":33,"column":2}},"line":25},"2":{"name":"(anonymous_2)","decl":{"start":{"line":42,"column":1},"end":{"line":42,"column":2}},"loc":{"start":{"line":42,"column":53},"end":{"line":49,"column":2}},"line":42},"3":{"name":"(anonymous_3)","decl":{"start":{"line":57,"column":1},"end":{"line":57,"column":2}},"loc":{"start":{"line":57,"column":42},"end":{"line":60,"column":2}},"line":57},"4":{"name":"(anonymous_4)","decl":{"start":{"line":67,"column":1},"end":{"line":67,"column":2}},"loc":{"start":{"line":67,"column":27},"end":{"line":69,"column":2}},"line":67},"5":{"name":"(anonymous_5)","decl":{"start":{"line":74,"column":1},"end":{"line":74,"column":2}},"loc":{"start":{"line":74,"column":15},"end":{"line":76,"column":2}},"line":74},"6":{"name":"(anonymous_6)","decl":{"start":{"line":84,"column":1},"end":{"line":84,"column":2}},"loc":{"start":{"line":84,"column":50},"end":{"line":86,"column":2}},"line":84},"7":{"name":"(anonymous_7)","decl":{"start":{"line":92,"column":1},"end":{"line":92,"column":2}},"loc":{"start":{"line":92,"column":40},"end":{"line":108,"column":2}},"line":92},"8":{"name":"(anonymous_8)","decl":{"start":{"line":116,"column":1},"end":{"line":116,"column":2}},"loc":{"start":{"line":116,"column":59},"end":{"line":122,"column":2}},"line":116}},"branchMap":{"0":{"loc":{"start":{"line":30,"column":8},"end":{"line":30,"column":39}},"type":"binary-expr","locations":[{"start":{"line":30,"column":8},"end":{"line":30,"column":26}},{"start":{"line":30,"column":30},"end":{"line":30,"column":39}}],"line":30},"1":{"loc":{"start":{"line":31,"column":12},"end":{"line":31,"column":41}},"type":"binary-expr","locations":[{"start":{"line":31,"column":12},"end":{"line":31,"column":34}},{"start":{"line":31,"column":38},"end":{"line":31,"column":41}}],"line":31},"2":{"loc":{"start":{"line":45,"column":2},"end":{"line":48,"column":3}},"type":"if","locations":[{"start":{"line":45,"column":2},"end":{"line":48,"column":3}},{"start":{},"end":{}}],"line":45},"3":{"loc":{"start":{"line":45,"column":6},"end":{"line":45,"column":38}},"type":"binary-expr","locations":[{"start":{"line":45,"column":6},"end":{"line":45,"column":13}},{"start":{"line":45,"column":17},"end":{"line":45,"column":38}}],"line":45},"4":{"loc":{"start":{"line":93,"column":2},"end":{"line":93,"column":62}},"type":"if","locations":[{"start":{"line":93,"column":2},"end":{"line":93,"column":62}},{"start":{},"end":{}}],"line":93},"5":{"loc":{"start":{"line":99,"column":3},"end":{"line":102,"column":4}},"type":"if","locations":[{"start":{"line":99,"column":3},"end":{"line":102,"column":4}},{"start":{},"end":{}}],"line":99},"6":{"loc":{"start":{"line":105,"column":2},"end":{"line":107,"column":3}},"type":"if","locations":[{"start":{"line":105,"column":2},"end":{"line":107,"column":3}},{"start":{},"end":{}}],"line":105},"7":{"loc":{"start":{"line":118,"column":2},"end":{"line":118,"column":118}},"type":"if","locations":[{"start":{"line":118,"column":2},"end":{"line":118,"column":118}},{"start":{},"end":{}}],"line":118},"8":{"loc":{"start":{"line":118,"column":6},"end":{"line":118,"column":109}},"type":"binary-expr","locations":[{"start":{"line":118,"column":6},"end":{"line":118,"column":28}},{"start":{"line":118,"column":32},"end":{"line":118,"column":109}}],"line":118}},"s":{"0":0,"1":1,"2":1,"3":10,"4":10,"5":4,"6":4,"7":12,"8":12,"9":1,"10":6,"11":5,"12":12,"13":10,"14":2,"15":2,"16":2,"17":8,"18":2,"19":2,"20":2,"21":2,"22":4,"23":2,"24":2,"25":2},"f":{"0":0,"1":1,"2":10,"3":12,"4":1,"5":6,"6":5,"7":12,"8":4},"b":{"0":[1,0],"1":[1,0],"2":[4,6],"3":[10,5],"4":[10,2],"5":[2,6],"6":[2,0],"7":[2,2],"8":[4,3]},"_coverageSchema":"1a1c01bbd47fc00a2c39e90264f33305004495a9","hash":"3d5b14917e74913b1060d897eb0298c9e46aa90d"}
}
