TN:
SF:src\client.ts
FN:8,(anonymous_0)
FN:19,(anonymous_1)
FN:74,(anonymous_2)
FN:97,(anonymous_3)
FNF:4
FNH:4
FNDA:4,(anonymous_0)
FNDA:4,(anonymous_1)
FNDA:4,(anonymous_2)
FNDA:4,(anonymous_3)
DA:28,4
DA:29,4
DA:31,4
DA:32,0
DA:34,0
DA:35,0
DA:39,4
DA:40,4
DA:42,4
DA:43,1
DA:46,3
DA:48,3
DA:49,1
DA:52,2
DA:53,1
DA:56,1
DA:57,0
DA:60,1
DA:62,3
DA:63,3
DA:78,4
DA:80,4
DA:98,4
DA:100,0
DA:101,0
DA:103,0
DA:104,0
LF:27
LH:19
BRDA:29,0,0,0
BRDA:29,0,1,4
BRDA:31,1,0,0
BRDA:31,1,1,4
BRDA:34,2,0,0
BRDA:34,2,1,0
BRDA:42,3,0,1
BRDA:42,3,1,3
BRDA:48,4,0,1
BRDA:48,4,1,2
BRDA:52,5,0,1
BRDA:52,5,1,1
BRDA:56,6,0,0
BRDA:56,6,1,1
BRDA:85,7,0,4
BRDA:85,7,1,0
BRDA:98,8,0,4
BRDA:98,8,1,0
BRDA:103,9,0,0
BRDA:103,9,1,0
BRDA:103,10,0,0
BRDA:103,10,1,0
BRF:22
BRH:11
end_of_record
TN:
SF:src\cache\memory-cache.ts
FN:17,(anonymous_0)
FN:25,(anonymous_1)
FN:42,(anonymous_2)
FN:57,(anonymous_3)
FN:67,(anonymous_4)
FN:74,(anonymous_5)
FN:84,(anonymous_6)
FN:92,(anonymous_7)
FN:116,(anonymous_8)
FNF:9
FNH:8
FNDA:0,(anonymous_0)
FNDA:1,(anonymous_1)
FNDA:10,(anonymous_2)
FNDA:12,(anonymous_3)
FNDA:1,(anonymous_4)
FNDA:6,(anonymous_5)
FNDA:5,(anonymous_6)
FNDA:12,(anonymous_7)
FNDA:4,(anonymous_8)
DA:18,0
DA:26,1
DA:28,1
DA:43,10
DA:45,10
DA:46,4
DA:47,4
DA:58,12
DA:59,12
DA:68,1
DA:75,6
DA:85,5
DA:93,12
DA:95,2
DA:96,2
DA:98,2
DA:99,8
DA:100,2
DA:101,2
DA:105,2
DA:106,2
DA:118,4
DA:120,2
DA:121,2
LF:24
LH:23
BRDA:30,0,0,1
BRDA:30,0,1,0
BRDA:31,1,0,1
BRDA:31,1,1,0
BRDA:45,2,0,4
BRDA:45,2,1,6
BRDA:45,3,0,10
BRDA:45,3,1,5
BRDA:93,4,0,10
BRDA:93,4,1,2
BRDA:99,5,0,2
BRDA:99,5,1,6
BRDA:105,6,0,2
BRDA:105,6,1,0
BRDA:118,7,0,2
BRDA:118,7,1,2
BRDA:118,8,0,4
BRDA:118,8,1,3
BRF:18
BRH:15
end_of_record
